\BOOKMARK [1][-]{section.1}{\376\377\000I\000n\000t\000r\000o\000d\000u\000c\000t\000i\000o\000n}{}% 1
\BOOKMARK [1][-]{section.2}{\376\377\0002\0000\0002\0006\000\040\000F\000I\000A\000\040\000T\000e\000c\000h\000n\000i\000c\000a\000l\000\040\000R\000e\000g\000u\000l\000a\000t\000i\000o\000n\000s\000\040\000O\000v\000e\000r\000v\000i\000e\000w}{}% 2
\BOOKMARK [2][-]{subsection.2.1}{\376\377\000P\000o\000w\000e\000r\000\040\000U\000n\000i\000t\000\040\000R\000e\000g\000u\000l\000a\000t\000i\000o\000n\000s}{section.2}% 3
\BOOKMARK [2][-]{subsection.2.2}{\376\377\000A\000e\000r\000o\000d\000y\000n\000a\000m\000i\000c\000\040\000C\000h\000a\000n\000g\000e\000s}{section.2}% 4
\BOOKMARK [2][-]{subsection.2.3}{\376\377\000W\000e\000i\000g\000h\000t\000\040\000a\000n\000d\000\040\000P\000a\000c\000k\000a\000g\000i\000n\000g\000\040\000C\000o\000n\000s\000t\000r\000a\000i\000n\000t\000s}{section.2}% 5
\BOOKMARK [1][-]{section.3}{\376\377\000V\000e\000h\000i\000c\000l\000e\000\040\000A\000r\000c\000h\000i\000t\000e\000c\000t\000u\000r\000e\000\040\000O\000v\000e\000r\000v\000i\000e\000w}{}% 6
\BOOKMARK [2][-]{subsection.3.1}{\376\377\000D\000i\000m\000e\000n\000s\000i\000o\000n\000a\000l\000\040\000C\000o\000n\000s\000t\000r\000a\000i\000n\000t\000s\000\040\000a\000n\000d\000\040\000M\000a\000s\000s\000\040\000P\000r\000o\000p\000e\000r\000t\000i\000e\000s}{section.3}% 7
\BOOKMARK [2][-]{subsection.3.2}{\376\377\000P\000o\000w\000e\000r\000t\000r\000a\000i\000n\000\040\000a\000n\000d\000\040\000E\000n\000e\000r\000g\000y\000\040\000P\000a\000c\000k\000a\000g\000i\000n\000g}{section.3}% 8
\BOOKMARK [2][-]{subsection.3.3}{\376\377\000A\000e\000r\000o\000d\000y\000n\000a\000m\000i\000c\000\040\000A\000r\000c\000h\000i\000t\000e\000c\000t\000u\000r\000e\000\040\000a\000n\000d\000\040\000T\000h\000e\000r\000m\000a\000l\000\040\000M\000a\000n\000a\000g\000e\000m\000e\000n\000t}{section.3}% 9
\BOOKMARK [1][-]{section.4}{\376\377\000A\000e\000r\000o\000d\000y\000n\000a\000m\000i\000c\000s}{}% 10
\BOOKMARK [2][-]{subsection.4.1}{\376\377\000F\000r\000o\000n\000t\000\040\000W\000i\000n\000g}{section.4}% 11
\BOOKMARK [2][-]{subsection.4.2}{\376\377\000F\000l\000o\000o\000r\000\040\000\046\000\040\000V\000e\000n\000t\000u\000r\000i\000\040\000T\000u\000n\000n\000e\000l\000s}{section.4}% 12
\BOOKMARK [2][-]{subsection.4.3}{\376\377\000S\000i\000d\000e\000p\000o\000d\000s}{section.4}% 13
\BOOKMARK [2][-]{subsection.4.4}{\376\377\000R\000e\000a\000r\000\040\000W\000i\000n\000g}{section.4}% 14
\BOOKMARK [2][-]{subsection.4.5}{\376\377\000A\000c\000t\000i\000v\000e\000\040\000A\000e\000r\000o\000d\000y\000n\000a\000m\000i\000c\000s}{section.4}% 15
\BOOKMARK [2][-]{subsection.4.6}{\376\377\000D\000r\000a\000g\000\040\000R\000e\000d\000u\000c\000t\000i\000o\000n\000\040\000\046\000\040\000E\000n\000e\000r\000g\000y\000\040\000I\000n\000t\000e\000r\000a\000c\000t\000i\000o\000n}{section.4}% 16
\BOOKMARK [1][-]{section.5}{\376\377\000H\000y\000b\000r\000i\000d\000\040\000E\000l\000e\000c\000t\000r\000i\000c\000\040\000P\000o\000w\000e\000r\000\040\000U\000n\000i\000t\000\040\000A\000r\000c\000h\000i\000t\000e\000c\000t\000u\000r\000e}{}% 17
\BOOKMARK [2][-]{subsection.5.1}{\376\377\000I\000n\000t\000e\000r\000n\000a\000l\000\040\000C\000o\000m\000b\000u\000s\000t\000i\000o\000n\000\040\000E\000n\000g\000i\000n\000e}{section.5}% 18
\BOOKMARK [2][-]{subsection.5.2}{\376\377\000M\000G\000U\000-\000K}{section.5}% 19
\BOOKMARK [2][-]{subsection.5.3}{\376\377\000T\000u\000r\000b\000o\000c\000h\000a\000r\000g\000e\000r\000\040\000S\000y\000s\000t\000e\000m}{section.5}% 20
\BOOKMARK [1][-]{section.6}{\376\377\000E\000n\000e\000r\000g\000y\000\040\000S\000t\000o\000r\000a\000g\000e\000\040\000S\000y\000s\000t\000e\000m}{}% 21
\BOOKMARK [2][-]{subsection.6.1}{\376\377\000C\000e\000l\000l\000\040\000C\000h\000e\000m\000i\000s\000t\000r\000y\000\040\000S\000e\000l\000e\000c\000t\000i\000o\000n}{section.6}% 22
\BOOKMARK [2][-]{subsection.6.2}{\376\377\000P\000a\000c\000k\000\040\000A\000r\000c\000h\000i\000t\000e\000c\000t\000u\000r\000e\000:\000\040\0001\0008\0000\000S\0002\000P}{section.6}% 23
\BOOKMARK [2][-]{subsection.6.3}{\376\377\000C\000-\000R\000a\000t\000e\000\040\000A\000n\000a\000l\000y\000s\000i\000s}{section.6}% 24
\BOOKMARK [2][-]{subsection.6.4}{\376\377\000R\000e\000g\000e\000n\000e\000r\000a\000t\000i\000v\000e\000\040\000E\000n\000e\000r\000g\000y\000\040\000H\000a\000r\000v\000e\000s\000t\000i\000n\000g}{section.6}% 25
\BOOKMARK [2][-]{subsection.6.5}{\376\377\000E\000f\000f\000i\000c\000i\000e\000n\000c\000y\000\040\000C\000h\000a\000i\000n\000:\000\040\000M\000G\000U\000-\000K\000\040\000t\000o\000\040\000B\000a\000t\000t\000e\000r\000y}{section.6}% 26
\BOOKMARK [2][-]{subsection.6.6}{\376\377\000I\0002\000R\000\040\000L\000o\000s\000s\000e\000s\000\040\000a\000n\000d\000\040\000T\000h\000e\000r\000m\000a\000l\000\040\000D\000e\000s\000i\000g\000n\000\040\000L\000o\000a\000d}{section.6}% 27
\BOOKMARK [2][-]{subsection.6.7}{\376\377\000L\000a\000p\000\040\000E\000n\000e\000r\000g\000y\000\040\000B\000u\000d\000g\000e\000t}{section.6}% 28
\BOOKMARK [1][-]{section.7}{\376\377\000E\000l\000e\000c\000t\000r\000i\000c\000a\000l\000\040\000P\000o\000w\000e\000r\000\040\000M\000a\000n\000a\000g\000e\000m\000e\000n\000t}{}% 29
\BOOKMARK [2][-]{subsection.7.1}{\376\377\000P\000o\000w\000e\000r\000\040\000E\000l\000e\000c\000t\000r\000o\000n\000i\000c\000s\000\040\000A\000r\000c\000h\000i\000t\000e\000c\000t\000u\000r\000e\000:\000\040\000I\000n\000v\000e\000r\000t\000e\000r\000\040\000D\000e\000s\000i\000g\000n}{section.7}% 30
\BOOKMARK [2][-]{subsection.7.2}{\376\377\000D\000C\000\040\000L\000i\000n\000k\000\040\000C\000a\000p\000a\000c\000i\000t\000o\000r\000\040\000S\000i\000z\000i\000n\000g}{section.7}% 31
\BOOKMARK [2][-]{subsection.7.3}{\376\377\000F\000i\000e\000l\000d\000\040\000O\000r\000i\000e\000n\000t\000e\000d\000\040\000C\000o\000n\000t\000r\000o\000l\000\040\000\050\000F\000O\000C\000\051}{section.7}% 32
\BOOKMARK [2][-]{subsection.7.4}{\376\377\000M\000a\000x\000i\000m\000u\000m\000\040\000T\000o\000r\000q\000u\000e\000\040\000P\000e\000r\000\040\000A\000m\000p\000e\000r\000e\000\040\000\050\000M\000T\000P\000A\000\051}{section.7}% 33
\BOOKMARK [2][-]{subsection.7.5}{\376\377\000S\000p\000a\000c\000e\000\040\000V\000e\000c\000t\000o\000r\000\040\000P\000W\000M\000\040\000\050\000S\000V\000P\000W\000M\000\051}{section.7}% 34
\BOOKMARK [2][-]{subsection.7.6}{\376\377\000S\000t\000a\000t\000e\000\040\000o\000f\000\040\000C\000h\000a\000r\000g\000e\000\040\000E\000s\000t\000i\000m\000a\000t\000i\000o\000n}{section.7}% 35
\BOOKMARK [2][-]{subsection.7.7}{\376\377\000E\000n\000e\000r\000g\000y\000\040\000D\000e\000p\000l\000o\000y\000m\000e\000n\000t\000\040\000S\000t\000r\000a\000t\000e\000g\000y}{section.7}% 36
\BOOKMARK [2][-]{subsection.7.8}{\376\377\000P\000r\000o\000t\000e\000c\000t\000i\000o\000n\000\040\000a\000n\000d\000\040\000I\000s\000o\000l\000a\000t\000i\000o\000n\000\040\000S\000y\000s\000t\000e\000m\000s}{section.7}% 37
\BOOKMARK [1][-]{section.8}{\376\377\000T\000h\000e\000r\000m\000a\000l\000\040\000M\000a\000n\000a\000g\000e\000m\000e\000n\000t}{}% 38
\BOOKMARK [2][-]{subsection.8.1}{\376\377\000I\000C\000E\000\040\000C\000o\000o\000l\000i\000n\000g}{section.8}% 39
\BOOKMARK [2][-]{subsection.8.2}{\376\377\000B\000a\000t\000t\000e\000r\000y\000\040\000T\000h\000e\000r\000m\000a\000l\000\040\000M\000a\000n\000a\000g\000e\000m\000e\000n\000t}{section.8}% 40
\BOOKMARK [2][-]{subsection.8.3}{\376\377\000I\000n\000v\000e\000r\000t\000e\000r\000\040\000T\000h\000e\000r\000m\000a\000l\000\040\000M\000a\000n\000a\000g\000e\000m\000e\000n\000t}{section.8}% 41
\BOOKMARK [2][-]{subsection.8.4}{\376\377\000M\000G\000U\000-\000K\000\040\000M\000o\000t\000o\000r\000\040\000T\000h\000e\000r\000m\000a\000l\000\040\000M\000a\000n\000a\000g\000e\000m\000e\000n\000t}{section.8}% 42
\BOOKMARK [2][-]{subsection.8.5}{\376\377\000T\000u\000r\000b\000o\000c\000h\000a\000r\000g\000e\000r\000\040\000\046\000\040\000I\000n\000t\000e\000r\000c\000o\000o\000l\000e\000r}{section.8}% 43
\BOOKMARK [2][-]{subsection.8.6}{\376\377\000I\000n\000t\000e\000g\000r\000a\000t\000e\000d\000\040\000T\000h\000e\000r\000m\000a\000l\000\040\000A\000r\000c\000h\000i\000t\000e\000c\000t\000u\000r\000e}{section.8}% 44
\BOOKMARK [1][-]{section.9}{\376\377\000E\000l\000e\000c\000t\000r\000o\000n\000i\000c\000s\000\040\000\046\000\040\000C\000o\000n\000t\000r\000o\000l\000\040\000S\000y\000s\000t\000e\000m\000s}{}% 45
\BOOKMARK [2][-]{subsection.9.1}{\376\377\000E\000l\000e\000c\000t\000r\000o\000n\000i\000c\000\040\000C\000o\000n\000t\000r\000o\000l\000\040\000U\000n\000i\000t\000\040\000\050\000E\000C\000U\000\051}{section.9}% 46
\BOOKMARK [2][-]{subsection.9.2}{\376\377\000S\000e\000n\000s\000o\000r\000\040\000A\000r\000c\000h\000i\000t\000e\000c\000t\000u\000r\000e}{section.9}% 47
\BOOKMARK [2][-]{subsection.9.3}{\376\377\000O\000n\000b\000o\000a\000r\000d\000\040\000D\000a\000t\000a\000\040\000A\000r\000c\000h\000i\000t\000e\000c\000t\000u\000r\000e}{section.9}% 48
\BOOKMARK [2][-]{subsection.9.4}{\376\377\000T\000e\000l\000e\000m\000e\000t\000r\000y\000\040\000S\000y\000s\000t\000e\000m}{section.9}% 49
\BOOKMARK [2][-]{subsection.9.5}{\376\377\000P\000o\000w\000e\000r\000\040\000D\000i\000s\000t\000r\000i\000b\000u\000t\000i\000o\000n\000\040\000A\000r\000c\000h\000i\000t\000e\000c\000t\000u\000r\000e}{section.9}% 50
\BOOKMARK [2][-]{subsection.9.6}{\376\377\000S\000o\000f\000t\000w\000a\000r\000e\000\040\000\046\000\040\000C\000o\000n\000t\000r\000o\000l\000\040\000A\000l\000g\000o\000r\000i\000t\000h\000m\000s}{section.9}% 51
\BOOKMARK [1][-]{section.10}{\376\377\000C\000h\000a\000s\000s\000i\000s\000\040\000\046\000\040\000M\000a\000t\000e\000r\000i\000a\000l\000s}{}% 52
\BOOKMARK [2][-]{subsection.10.1}{\376\377\000M\000o\000n\000o\000c\000o\000q\000u\000e\000\040\000D\000e\000s\000i\000g\000n}{section.10}% 53
\BOOKMARK [2][-]{subsection.10.2}{\376\377\000M\000a\000t\000e\000r\000i\000a\000l\000\040\000S\000e\000l\000e\000c\000t\000i\000o\000n}{section.10}% 54
\BOOKMARK [2][-]{subsection.10.3}{\376\377\000I\000m\000p\000a\000c\000t\000\040\000S\000t\000r\000u\000c\000t\000u\000r\000e\000s}{section.10}% 55
\BOOKMARK [2][-]{subsection.10.4}{\376\377\000S\000a\000f\000e\000t\000y\000\040\000H\000a\000l\000o}{section.10}% 56
\BOOKMARK [2][-]{subsection.10.5}{\376\377\000H\000y\000b\000r\000i\000d\000\040\000C\000o\000m\000p\000o\000n\000e\000n\000t\000\040\000P\000a\000c\000k\000a\000g\000i\000n\000g}{section.10}% 57
\BOOKMARK [1][-]{section.11}{\376\377\000S\000u\000s\000p\000e\000n\000s\000i\000o\000n\000\040\000G\000e\000o\000m\000e\000t\000r\000y}{}% 58
\BOOKMARK [2][-]{subsection.11.1}{\376\377\000W\000i\000s\000h\000b\000o\000n\000e\000\040\000G\000e\000o\000m\000e\000t\000r\000y}{section.11}% 59
\BOOKMARK [2][-]{subsection.11.2}{\376\377\000P\000u\000l\000l\000r\000o\000d\000\040\000A\000c\000t\000u\000a\000t\000i\000o\000n\000\040\000S\000t\000r\000a\000t\000e\000g\000y}{section.11}% 60
\BOOKMARK [2][-]{subsection.11.3}{\376\377\000C\000a\000m\000b\000e\000r\000\040\000S\000e\000t\000t\000i\000n\000g\000s}{section.11}% 61
\BOOKMARK [2][-]{subsection.11.4}{\376\377\000T\000o\000e\000\040\000S\000e\000t\000t\000i\000n\000g\000s}{section.11}% 62
\BOOKMARK [2][-]{subsection.11.5}{\376\377\000C\000a\000s\000t\000e\000r\000\040\000a\000n\000d\000\040\000K\000i\000n\000g\000p\000i\000n\000\040\000I\000n\000c\000l\000i\000n\000a\000t\000i\000o\000n}{section.11}% 63
\BOOKMARK [2][-]{subsection.11.6}{\376\377\000A\000n\000t\000i\000-\000D\000i\000v\000e\000\040\000a\000n\000d\000\040\000A\000n\000t\000i\000-\000S\000q\000u\000a\000t\000\040\000G\000e\000o\000m\000e\000t\000r\000y}{section.11}% 64
\BOOKMARK [2][-]{subsection.11.7}{\376\377\000R\000i\000d\000e\000\040\000F\000r\000e\000q\000u\000e\000n\000c\000y}{section.11}% 65
\BOOKMARK [2][-]{subsection.11.8}{\376\377\000I\000n\000e\000r\000t\000e\000r\000\040\000\050\000J\000-\000D\000a\000m\000p\000e\000r\000\051\000\040\000A\000r\000c\000h\000i\000t\000e\000c\000t\000u\000r\000e}{section.11}% 66
\BOOKMARK [1][-]{section.12}{\376\377\000P\000e\000r\000f\000o\000r\000m\000a\000n\000c\000e\000\040\000S\000i\000m\000u\000l\000a\000t\000i\000o\000n}{}% 67
\BOOKMARK [2][-]{subsection.12.1}{\376\377\000L\000a\000p\000\040\000T\000i\000m\000e\000\040\000S\000i\000m\000u\000l\000a\000t\000i\000o\000n\000:\000\040\000P\000o\000i\000n\000t\000\040\000M\000a\000s\000s\000\040\000M\000o\000d\000e\000l}{section.12}% 68
\BOOKMARK [2][-]{subsection.12.2}{\376\377\000G\000G\000G\000\040\000D\000i\000a\000g\000r\000a\000m\000:\000\040\000F\000r\000i\000c\000t\000i\000o\000n\000\040\000E\000l\000l\000i\000p\000s\000e}{section.12}% 69
\BOOKMARK [2][-]{subsection.12.3}{\376\377\000F\000u\000l\000l\000\040\000V\000e\000h\000i\000c\000l\000e\000\040\000M\000o\000d\000e\000l}{section.12}% 70
\BOOKMARK [2][-]{subsection.12.4}{\376\377\000E\000n\000e\000r\000g\000y\000\040\000D\000e\000p\000l\000o\000y\000m\000e\000n\000t\000\040\000O\000p\000t\000i\000m\000i\000z\000a\000t\000i\000o\000n}{section.12}% 71
\BOOKMARK [2][-]{subsection.12.5}{\376\377\000A\000e\000r\000o\000d\000y\000n\000a\000m\000i\000c\000\040\000E\000f\000f\000i\000c\000i\000e\000n\000c\000y\000\040\000S\000i\000m\000u\000l\000a\000t\000i\000o\000n}{section.12}% 72
\BOOKMARK [2][-]{subsection.12.6}{\376\377\000V\000e\000h\000i\000c\000l\000e\000\040\000D\000y\000n\000a\000m\000i\000c\000s\000\040\000S\000i\000m\000u\000l\000a\000t\000i\000o\000n}{section.12}% 73
